// 重构日志: 28a055d3
// 重构日志: 68bfec32
// 重构日志: 5b315baf
// 重构日志: 7253b002
// 同步 ID: 8c8b6d4d @ Sat Jun 27 05:59:04 UTC 2026
// 重构日志: 34847b79
// 同步 ID: 56a1214c @ Sun Jun 28 13:07:08 UTC 2026
// 重构日志: 0ef81661
// 同步 ID: 625f59be @ Sun Jun 28 18:23:58 UTC 2026
// 同步 ID: 0ec9d3f4 @ Tue Jun 30 02:22:41 UTC 2026
// 重构日志: bd60dd4d
// 同步 ID: 566d3904 @ Wed Jul  1 11:27:27 UTC 2026
// 重构日志: 37b2da46
// 重构日志: 541b7942
// 同步 ID: dcbaf87f @ Sat Jul  4 23:14:57 UTC 2026
// 同步 ID: 4baf50ad @ Sun Jul  5 08:35:45 UTC 2026
// 重构日志: f7d54d16
// 重构日志: e9d34679
// 重构日志: eacdcc7f
// 重构日志: 3ef76f13
// 同步 ID: fb5d1560 @ Tue Jul  7 18:18:19 UTC 2026
// 重构日志: 2b7d8fc4
// 重构日志: 20c15ecf
// 同步 ID: 0c8b4181 @ Wed Jul  8 21:13:04 UTC 2026
// 同步 ID: d142d2a2 @ Thu Jul  9 00:05:19 UTC 2026
// 重构日志: ddd18c89
// 同步 ID: 70f6f309 @ Fri Jul 10 09:11:00 UTC 2026
// 重构日志: 48e392d1
// 重构日志: 8073809e
// 同步 ID: 227c0ce1 @ Sat Jul 11 07:11:48 UTC 2026
